This is pdfTeX, Version 3.141592653-2.6-1.40.24 (MiKTeX 22.1) (preloaded format=pdflatex 2025.10.7)  7 OCT 2025 15:42
entering extended mode
 restricted \write18 enabled.
 %&-line parsing enabled.
**/Users/anto/MIP/cv3/clanok.tex
(/Users/anto/MIP/cv3/clanok.tex
LaTeX2e <2025-06-01> patch level 1
L3 programming layer <2025-09-02>

(/Users/anto/Library/Application Support/MiKTeX/texmfs/install/tex/latex/base/a
rticle.cls
Document Class: article 2025/01/22 v1.4n Standard LaTeX document class

(/Users/anto/Library/Application Support/MiKTeX/texmfs/install/tex/latex/base/s
ize10.clo
File: size10.clo 2025/01/22 v1.4n Standard LaTeX file (size option)
)
\c@part=\count275
\c@section=\count276
\c@subsection=\count277
\c@subsubsection=\count278
\c@paragraph=\count279
\c@subparagraph=\count280
\c@figure=\count281
\c@table=\count282
\abovecaptionskip=\skip49
\belowcaptionskip=\skip50
\bibindent=\dimen148
)
(/Users/anto/Library/Application Support/MiKTeX/texmfs/install/tex/generic/babe
l/babel.sty
Package: babel 2025/08/03 v25.12 The multilingual framework for LuaLaTeX, pdfLa
TeX and XeLaTeX
\babel@savecnt=\count283
LaTeX Encoding Info:    Redeclaring text command \ij (encoding OT1) on input li
ne 2045.
LaTeX Encoding Info:    Redeclaring text command \IJ (encoding OT1) on input li
ne 2047.
LaTeX Encoding Info:    Redeclaring text command \ij (encoding T1) on input lin
e 2049.
LaTeX Encoding Info:    Redeclaring text command \IJ (encoding T1) on input lin
e 2050.
LaTeX Encoding Info:    Ignoring declaration for text command \ij (encoding ?) 
on input line 2051.
LaTeX Encoding Info:    Ignoring declaration for text command \IJ (encoding ?) 
on input line 2053.
LaTeX Encoding Info:    Ignoring declaration for text command \SS (encoding ?) 
on input line 2078.
\U@D=\dimen149
\l@unhyphenated=\language1

(/Users/anto/Library/Application Support/MiKTeX/texmfs/install/tex/generic/babe
l/txtbabel.def)
\bbl@readstream=\read2
\bbl@dirlevel=\count284

*************************************
* Local config file bblopts.cfg used
*

(/Users/anto/Library/Application Support/MiKTeX/texmfs/install/tex/latex/arabi/
bblopts.cfg
File: bblopts.cfg 2005/09/08 v0.1 add Arabic and Farsi to "declared" options of
 babel
)
(/Users/anto/Library/Application Support/MiKTeX/texmfs/install/tex/latex/babel-
slovak/slovak.ldf
Language: slovak 2008/07/06 v3.1a Slovak support from the babel system

(/Users/anto/Library/Application Support/MiKTeX/texmfs/install/tex/generic/babe
l/locale/sk/babel-slovak.tex
Package babel Info: Importing font and identification data for slovak
(babel)             from babel-sk.ini. Reported on input line 12.
)

Package babel Warning: No hyphenation patterns were preloaded for
(babel)                the language 'Slovak' into the format.
(babel)                Please, configure your TeX system to add them and
(babel)                rebuild the format. Now I will use the patterns
(babel)                preloaded for \language=0 instead on input line 56.

Package babel Info: Making ^ an active character on input line 123.
Package babel Info: Making " an active character on input line 126.
Package babel Info: Making ' an active character on input line 129.
\cs@wordlen=\count285
Package babel Info: Making - an active character on input line 294.
))
(/Users/anto/Library/Application Support/MiKTeX/texmfs/install/tex/latex/base/f
ontenc.sty
Package: fontenc 2024/12/21 v2.1c Standard LaTeX package

(/Users/anto/Library/Application Support/MiKTeX/texmfs/install/tex/cslatex/base
/il2enc.def
File: il2enc.def 1997/08/20 CSLaTeX
Now handling font encoding IL2 ...
... no UTF-8 mapping file for font encoding IL2
)
LaTeX Font Info:    Trying to load font information for IL2+cmr on input line 1
16.

(/Users/anto/Library/Application Support/MiKTeX/texmfs/install/tex/cslatex/base
/il2cmr.fd
File: il2cmr.fd 1997/02/06 CSLaTeX font definitions
))
(/Users/anto/Library/Application Support/MiKTeX/texmfs/install/tex/latex/base/i
nputenc.sty
Package: inputenc 2024/02/08 v1.3d Input encoding file
\inpenc@prehook=\toks17
\inpenc@posthook=\toks18
)
(/Users/anto/Library/Application Support/MiKTeX/texmfs/install/tex/latex/graphi
cs/graphicx.sty
Package: graphicx 2024/12/31 v1.2e Enhanced LaTeX Graphics (DPC,SPQR)

(/Users/anto/Library/Application Support/MiKTeX/texmfs/install/tex/latex/graphi
cs/keyval.sty
Package: keyval 2022/05/29 v1.15 key=value parser (DPC)
\KV@toks@=\toks19
)
(/Users/anto/Library/Application Support/MiKTeX/texmfs/install/tex/latex/graphi
cs/graphics.sty
Package: graphics 2024/08/06 v1.4g Standard LaTeX Graphics (DPC,SPQR)

(/Users/anto/Library/Application Support/MiKTeX/texmfs/install/tex/latex/graphi
cs/trig.sty
Package: trig 2023/12/02 v1.11 sin cos tan (DPC)
)
(/Users/anto/Library/Application Support/MiKTeX/texmfs/install/tex/latex/graphi
cs-cfg/graphics.cfg
File: graphics.cfg 2016/06/04 v1.11 sample graphics configuration
)
Package graphics Info: Driver file: pdftex.def on input line 106.

(/Users/anto/Library/Application Support/MiKTeX/texmfs/install/tex/latex/graphi
cs-def/pdftex.def
File: pdftex.def 2024/04/13 v1.2c Graphics/color driver for pdftex
))
\Gin@req@height=\dimen150
\Gin@req@width=\dimen151
)
(/Users/anto/Library/Application Support/MiKTeX/texmfs/install/tex/latex/url/ur
l.sty
\Urlmuskip=\muskip17
Package: url 2013/09/16  ver 3.4  Verb mode for urls, etc.
)
(/Users/anto/Library/Application Support/MiKTeX/texmfs/install/tex/latex/hyperr
ef/hyperref.sty
Package: hyperref 2025-07-12 v7.01o Hypertext links for LaTeX

(/Users/anto/Library/Application Support/MiKTeX/texmfs/install/tex/generic/ifte
x/iftex.sty
Package: iftex 2024/12/12 v1.0g TeX engine tests
)
(/Users/anto/Library/Application Support/MiKTeX/texmfs/install/tex/latex/kvsetk
eys/kvsetkeys.sty
Package: kvsetkeys 2022-10-05 v1.19 Key value parser (HO)
)
(/Users/anto/Library/Application Support/MiKTeX/texmfs/install/tex/generic/kvde
finekeys/kvdefinekeys.sty
Package: kvdefinekeys 2019-12-19 v1.6 Define keys (HO)
)
(/Users/anto/Library/Application Support/MiKTeX/texmfs/install/tex/generic/pdfe
scape/pdfescape.sty
Package: pdfescape 2019/12/09 v1.15 Implements pdfTeX's escape features (HO)

(/Users/anto/Library/Application Support/MiKTeX/texmfs/install/tex/generic/ltxc
mds/ltxcmds.sty
Package: ltxcmds 2023-12-04 v1.26 LaTeX kernel commands for general use (HO)
)
(/Users/anto/Library/Application Support/MiKTeX/texmfs/install/tex/generic/pdft
excmds/pdftexcmds.sty
Package: pdftexcmds 2020-06-27 v0.33 Utility functions of pdfTeX for LuaTeX (HO
)

(/Users/anto/Library/Application Support/MiKTeX/texmfs/install/tex/generic/infw
arerr/infwarerr.sty
Package: infwarerr 2019/12/03 v1.5 Providing info/warning/error messages (HO)
)
Package pdftexcmds Info: \pdf@primitive is available.
Package pdftexcmds Info: \pdf@ifprimitive is available.
Package pdftexcmds Info: \pdfdraftmode found.
))
(/Users/anto/Library/Application Support/MiKTeX/texmfs/install/tex/latex/hycolo
r/hycolor.sty
Package: hycolor 2020-01-27 v1.10 Color options for hyperref/bookmark (HO)
)
(/Users/anto/Library/Application Support/MiKTeX/texmfs/install/tex/latex/hyperr
ef/nameref.sty
Package: nameref 2025-06-21 v2.57 Cross-referencing by name of section

(/Users/anto/Library/Application Support/MiKTeX/texmfs/install/tex/latex/refcou
nt/refcount.sty
Package: refcount 2019/12/15 v3.6 Data extraction from label references (HO)
)
(/Users/anto/Library/Application Support/MiKTeX/texmfs/install/tex/generic/gett
itlestring/gettitlestring.sty
Package: gettitlestring 2019/12/15 v1.6 Cleanup title references (HO)

(/Users/anto/Library/Application Support/MiKTeX/texmfs/install/tex/latex/kvopti
ons/kvoptions.sty
Package: kvoptions 2022-06-15 v3.15 Key value format for package options (HO)
))
\c@section@level=\count286
)
(/Users/anto/Library/Application Support/MiKTeX/texmfs/install/tex/latex/etoolb
ox/etoolbox.sty
Package: etoolbox 2025/02/11 v2.5l e-TeX tools for LaTeX (JAW)
\etb@tempcnta=\count287
)
(/Users/anto/Library/Application Support/MiKTeX/texmfs/install/tex/generic/stri
ngenc/stringenc.sty
Package: stringenc 2019/11/29 v1.12 Convert strings between diff. encodings (HO
)
)
\@linkdim=\dimen152
\Hy@linkcounter=\count288
\Hy@pagecounter=\count289

(/Users/anto/Library/Application Support/MiKTeX/texmfs/install/tex/latex/hyperr
ef/pd1enc.def
File: pd1enc.def 2025-07-12 v7.01o Hyperref: PDFDocEncoding definition (HO)
Now handling font encoding PD1 ...
... no UTF-8 mapping file for font encoding PD1
)
(/Users/anto/Library/Application Support/MiKTeX/texmfs/install/tex/generic/intc
alc/intcalc.sty
Package: intcalc 2019/12/15 v1.3 Expandable calculations with integers (HO)
)
\Hy@SavedSpaceFactor=\count290

(/Users/anto/Library/Application Support/MiKTeX/texmfs/install/tex/latex/hyperr
ef/puenc.def
File: puenc.def 2025-07-12 v7.01o Hyperref: PDF Unicode definition (HO)
Now handling font encoding PU ...
... no UTF-8 mapping file for font encoding PU
)
Package hyperref Info: Hyper figures OFF on input line 4195.
Package hyperref Info: Link nesting OFF on input line 4200.
Package hyperref Info: Hyper index ON on input line 4203.
Package hyperref Info: Plain pages OFF on input line 4210.
Package hyperref Info: Backreferencing OFF on input line 4215.
Package hyperref Info: Implicit mode ON; LaTeX internals redefined.
Package hyperref Info: Bookmarks ON on input line 4462.
\c@Hy@tempcnt=\count291
LaTeX Info: Redefining \url on input line 4801.
\XeTeXLinkMargin=\dimen153

(/Users/anto/Library/Application Support/MiKTeX/texmfs/install/tex/generic/bits
et/bitset.sty
Package: bitset 2019/12/09 v1.3 Handle bit-vector datatype (HO)

(/Users/anto/Library/Application Support/MiKTeX/texmfs/install/tex/generic/bigi
ntcalc/bigintcalc.sty
Package: bigintcalc 2019/12/15 v1.5 Expandable calculations on big integers (HO
)
))
\Fld@menulength=\count292
\Field@Width=\dimen154
\Fld@charsize=\dimen155
Package hyperref Info: Hyper figures OFF on input line 6078.
Package hyperref Info: Link nesting OFF on input line 6083.
Package hyperref Info: Hyper index ON on input line 6086.
Package hyperref Info: backreferencing OFF on input line 6093.
Package hyperref Info: Link coloring OFF on input line 6098.
Package hyperref Info: Link coloring with OCG OFF on input line 6103.
Package hyperref Info: PDF/A mode OFF on input line 6108.
\Hy@abspage=\count293
\c@Item=\count294
\c@Hfootnote=\count295
)
Package hyperref Info: Driver (autodetected): hpdftex.

(/Users/anto/Library/Application Support/MiKTeX/texmfs/install/tex/latex/hyperr
ef/hpdftex.def
File: hpdftex.def 2025-07-12 v7.01o Hyperref driver for pdfTeX
\Fld@listcount=\count296
\c@bookmark@seq@number=\count297

(/Users/anto/Library/Application Support/MiKTeX/texmfs/install/tex/latex/rerunf
ilecheck/rerunfilecheck.sty
Package: rerunfilecheck 2025-06-21 v1.11 Rerun checks for auxiliary files (HO)

(/Users/anto/Library/Application Support/MiKTeX/texmfs/install/tex/generic/uniq
uecounter/uniquecounter.sty
Package: uniquecounter 2019/12/15 v1.4 Provide unlimited unique counter (HO)
)
Package uniquecounter Info: New unique counter `rerunfilecheck' on input line 2
84.
)
\Hy@SectionHShift=\skip51
)
(/Users/anto/Library/Application Support/MiKTeX/texmfs/install/tex/latex/cite/c
ite.sty
LaTeX Info: Redefining \cite on input line 302.
LaTeX Info: Redefining \nocite on input line 332.
Package: cite 2015/02/27  v 5.5
)
(/Users/anto/Library/Application Support/MiKTeX/texmfs/install/tex/latex/l3back
end/l3backend-pdftex.def
File: l3backend-pdftex.def 2025-06-09 L3 backend support: PDF output (pdfTeX)
\l__color_backend_stack_int=\count298
)
No file clanok.aux.
\openout1 = `clanok.aux'.

LaTeX Font Info:    Checking defaults for OML/cmm/m/it on input line 30.
LaTeX Font Info:    ... okay on input line 30.
LaTeX Font Info:    Checking defaults for OMS/cmsy/m/n on input line 30.
LaTeX Font Info:    ... okay on input line 30.
LaTeX Font Info:    Checking defaults for OT1/cmr/m/n on input line 30.
LaTeX Font Info:    ... okay on input line 30.
LaTeX Font Info:    Checking defaults for T1/cmr/m/n on input line 30.
LaTeX Font Info:    ... okay on input line 30.
LaTeX Font Info:    Checking defaults for TS1/cmr/m/n on input line 30.
LaTeX Font Info:    ... okay on input line 30.
LaTeX Font Info:    Checking defaults for OMX/cmex/m/n on input line 30.
LaTeX Font Info:    ... okay on input line 30.
LaTeX Font Info:    Checking defaults for U/cmr/m/n on input line 30.
LaTeX Font Info:    ... okay on input line 30.
LaTeX Font Info:    Checking defaults for IL2/cmr/m/n on input line 30.
LaTeX Font Info:    ... okay on input line 30.
LaTeX Font Info:    Checking defaults for PD1/pdf/m/n on input line 30.
LaTeX Font Info:    ... okay on input line 30.
LaTeX Font Info:    Checking defaults for PU/pdf/m/n on input line 30.
LaTeX Font Info:    ... okay on input line 30.
Package babel Info: 'slovak' activates 'slovak' shorthands.
(babel)             Reported on input line 30.

(/Users/anto/Library/Application Support/MiKTeX/texmfs/install/tex/context/base
/mkii/supp-pdf.mkii
[Loading MPS to PDF converter (version 2006.09.02).]
\scratchcounter=\count299
\scratchdimen=\dimen156
\scratchbox=\box53
\nofMPsegments=\count300
\nofMParguments=\count301
\everyMPshowfont=\toks20
\MPscratchCnt=\count302
\MPscratchDim=\dimen157
\MPnumerator=\count303
\makeMPintoPDFobject=\count304
\everyMPtoPDFconversion=\toks21
)
(/Users/anto/Library/Application Support/MiKTeX/texmfs/install/tex/latex/epstop
df-pkg/epstopdf-base.sty
Package: epstopdf-base 2020-01-24 v2.11 Base part for package epstopdf
Package epstopdf-base Info: Redefining graphics rule for `.eps' on input line 4
85.

(/Users/anto/Library/Application Support/MiKTeX/texmfs/install/tex/latex/00mikt
ex/epstopdf-sys.cfg
File: epstopdf-sys.cfg 2021/03/18 v2.0 Configuration of epstopdf for MiKTeX
))
Package hyperref Info: Link coloring OFF on input line 30.
\@outlinefile=\write3
\openout3 = `clanok.out'.

LaTeX Font Info:    External font `cmex10' loaded for size
(Font)              <17.28> on input line 33.
LaTeX Font Info:    External font `cmex10' loaded for size
(Font)              <12> on input line 33.
LaTeX Font Info:    External font `cmex10' loaded for size
(Font)              <8> on input line 33.
LaTeX Font Info:    External font `cmex10' loaded for size
(Font)              <6> on input line 33.
LaTeX Font Info:    Trying to load font information for IL2+cmtt on input line 
33.

(/Users/anto/Library/Application Support/MiKTeX/texmfs/install/tex/cslatex/base
/il2cmtt.fd
File: il2cmtt.fd 1997/08/20 CSLaTeX font definitions
)
LaTeX Font Info:    External font `cmex10' loaded for size
(Font)              <5> on input line 33.


LaTeX Warning: Reference `nejaka' on page 1 undefined on input line 45.


LaTeX Warning: Reference `dolezita' on page 1 undefined on input line 46.


LaTeX Warning: Reference `dolezitejsia' on page 1 undefined on input line 46.


LaTeX Warning: Reference `zaver' on page 1 undefined on input line 47.


LaTeX Warning: Reference `f:rozhod' on page 1 undefined on input line 53.


LaTeX Warning: Reference `ina:nejake' on page 1 undefined on input line 67.


LaTeX Warning: Reference `ina:nejake' on page 1 undefined on input line 67.

LaTeX Font Info:    External font `cmex10' loaded for size
(Font)              <7> on input line 67.

LaTeX Warning: Citation `Coplien:MPD' on page 1 undefined on input line 69.


LaTeX Warning: Citation `Czarnecki:Staged' on page 1 undefined on input line 69
.


LaTeX Warning: Citation `Czarnecki:Progress' on page 1 undefined on input line 
69.


LaTeX Warning: Citation `PLP-Framework' on page 1 undefined on input line 69.



[1

{/Users/anto/Library/Application Support/MiKTeX/texmfs/data/fonts/map/pdftex/pd
ftex.map}]
<diagram1.pdf, id=29, 421.575pt x 220.825pt>
File: diagram1.pdf Graphic file (type pdf)
<use diagram1.pdf>
Package pdftex.def Info: diagram1.pdf  used on input line 118.
(pdftex.def)             Requested size: 295.10048pt x 154.57643pt.

! Missing $ inserted.
<inserted text> 
                $
l.119 \caption{Diagram_1}
                         
? 
! Missing $ inserted.
<inserted text> 
                $
l.119 \caption{Diagram_1}
                         
? 
No file clanok.bbl.


Package babel Info: 'slovak' activates 'slovak' shorthands.
(babel)             Reported on input line 131.
[2 </Users/anto/MIP/cv3/diagram1.pdf>] (clanok.aux)
 ***********
LaTeX2e <2025-06-01> patch level 1
L3 programming layer <2025-09-02>
 ***********


LaTeX Warning: There were undefined references.


LaTeX Warning: Label(s) may have changed. Rerun to get cross-references right.


Package rerunfilecheck Warning: File `clanok.out' has changed.
(rerunfilecheck)                Rerun to get outlines right
(rerunfilecheck)                or use package `bookmark'.

Package rerunfilecheck Info: Checksums for `clanok.out':
(rerunfilecheck)             Before: <no file>
(rerunfilecheck)             After:  5545DA784E8E103C1270E97A2772FA55;968.
 ) 
Here is how much of TeX's memory you used:
 10189 strings out of 470071
 162934 string characters out of 5480469
 576361 words of memory out of 5000000
 38436 multiletter control sequences out of 15000+600000
 640163 words of font info for 71 fonts, out of 8000000 for 9000
 0 hyphenation exceptions out of 8191
 75i,8n,79p,360b,560s stack positions out of 10000i,1000n,20000p,200000b,200000s
 </Users/anto/Library/Application Support/MiKTeX/texmfs/data/fonts/pk/ljfour/
jknappen/ec/dpi600/tcrm1000.pk> </Users/anto/Library/Application Support/MiKTeX
/texmfs/data/fonts/pk/ljfour/public/csfonts/dpi600/csbx12.pk> </Users/anto/Libr
ary/Application Support/MiKTeX/texmfs/data/fonts/pk/ljfour/public/csfonts/dpi60
0/cssl10.pk> </Users/anto/Library/Application Support/MiKTeX/texmfs/data/fonts/
pk/ljfour/public/csfonts/dpi600/csr6.pk> </Users/anto/Library/Application Suppo
rt/MiKTeX/texmfs/data/fonts/pk/ljfour/public/csfonts/dpi600/csr8.pk> </Users/an
to/Library/Application Support/MiKTeX/texmfs/data/fonts/pk/ljfour/jknappen/ec/d
pi600/tcrm0600.pk> </Users/anto/Library/Application Support/MiKTeX/texmfs/data/
fonts/pk/ljfour/public/csfonts/dpi600/csti10.pk> </Users/anto/Library/Applicati
on Support/MiKTeX/texmfs/data/fonts/pk/ljfour/public/csfonts/dpi600/csr7.pk> </
Users/anto/Library/Application Support/MiKTeX/texmfs/data/fonts/pk/ljfour/publi
c/csfonts/dpi600/cstt10.pk> </Users/anto/Library/Application Support/MiKTeX/tex
mfs/data/fonts/pk/ljfour/public/csfonts/dpi600/csbx10.pk> </Users/anto/Library/
Application Support/MiKTeX/texmfs/data/fonts/pk/ljfour/public/csfonts/dpi600/cs
r10.pk> </Users/anto/Library/Application Support/MiKTeX/texmfs/data/fonts/pk/lj
four/public/csfonts/dpi720/csbx12.pk> </Users/anto/Library/Application Support/
MiKTeX/texmfs/data/fonts/pk/ljfour/public/csfonts/dpi600/csbx9.pk> </Users/anto
/Library/Application Support/MiKTeX/texmfs/data/fonts/pk/ljfour/public/csfonts/
dpi600/cstt9.pk> </Users/anto/Library/Application Support/MiKTeX/texmfs/data/fo
nts/pk/ljfour/public/csfonts/dpi600/csr9.pk> </Users/anto/Library/Application S
upport/MiKTeX/texmfs/data/fonts/pk/ljfour/public/csfonts/dpi600/csr12.pk> </Use
rs/anto/Library/Application Support/MiKTeX/texmfs/data/fonts/pk/ljfour/jknappen
/ec/dpi600/tcrm1200.pk> </Users/anto/Library/Application Support/MiKTeX/texmfs/
data/fonts/pk/ljfour/public/csfonts/dpi600/csr17.pk></Users/anto/Library/Applic
ation Support/MiKTeX/texmfs/install/fonts/type1/public/amsfonts/cm/cmr7.pfb>
Output written on clanok.pdf (2 pages, 123173 bytes).
PDF statistics:
 404 PDF objects out of 1000 (max. 8388607)
 19 named destinations out of 1000 (max. 500000)
 6 words of extra memory for PDF output out of 10000 (max. 10000000)

